<?xml version="1.0" encoding="UTF-8"?>
<testng-results ignored="0" total="1" passed="1" failed="0" skipped="0">
  <reporter-output>
  </reporter-output>
  <suite started-at="2023-07-06T10:55:38 IST" name="Default suite" finished-at="2023-07-06T10:55:38 IST" duration-ms="191">
    <groups>
    </groups>
    <test started-at="2023-07-06T10:55:38 IST" name="Default test" finished-at="2023-07-06T10:55:38 IST" duration-ms="191">
      <class name="SampleMaven.DemoTest">
        <test-method signature="d1Test()[pri:0, instance:SampleMaven.DemoTest@428640fa]" started-at="2023-07-06T10:55:38 IST" name="d1Test" finished-at="2023-07-06T10:55:38 IST" duration-ms="30" status="PASS">
          <reporter-output>
          </reporter-output>
        </test-method> <!-- d1Test -->
      </class> <!-- SampleMaven.DemoTest -->
    </test> <!-- Default test -->
  </suite> <!-- Default suite -->
</testng-results>
